TN:
SF:src\swagger.js
FNF:0
FNH:0
DA:1,1
DA:3,1
DA:434,1
LF:3
LH:3
BRF:0
BRH:0
end_of_record
TN:
SF:src\config\db.js
FN:13,(anonymous_0)
FN:16,(anonymous_1)
FN:18,(anonymous_2)
FNF:3
FNH:3
FNDA:7,(anonymous_0)
FNDA:2,(anonymous_1)
FNDA:6,(anonymous_2)
DA:1,2
DA:3,2
DA:12,2
DA:13,2
DA:14,7
DA:15,1
DA:16,2
DA:18,7
DA:21,2
LF:9
LH:9
BRDA:4,0,0,2
BRDA:4,0,1,2
BRDA:5,1,0,2
BRDA:5,1,1,2
BRDA:6,2,0,2
BRDA:6,2,1,2
BRDA:7,3,0,2
BRDA:7,3,1,2
BRDA:8,4,0,2
BRDA:8,4,1,2
BRDA:14,5,0,1
BRDA:14,5,1,6
BRDA:14,6,0,7
BRDA:14,6,1,3
BRDA:14,6,2,2
BRF:15
BRH:15
end_of_record
TN:
SF:src\middleware\auth.js
FN:5,authMiddleware
FNF:1
FNH:1
FNDA:4,authMiddleware
DA:1,2
DA:3,2
DA:6,4
DA:7,4
DA:8,2
DA:10,2
DA:11,2
DA:12,2
DA:13,1
DA:14,1
DA:16,1
DA:20,2
LF:12
LH:12
BRDA:3,0,0,2
BRDA:3,0,1,2
BRDA:7,1,0,2
BRDA:7,1,1,2
BRDA:7,2,0,4
BRDA:7,2,1,3
BRF:6
BRH:6
end_of_record
TN:
SF:src\routes\auth.js
FN:9,(anonymous_0)
FN:31,(anonymous_1)
FN:57,(anonymous_2)
FNF:3
FNH:0
FNDA:0,(anonymous_0)
FNDA:0,(anonymous_1)
FNDA:0,(anonymous_2)
DA:1,0
DA:2,0
DA:3,0
DA:4,0
DA:5,0
DA:7,0
DA:9,0
DA:10,0
DA:11,0
DA:12,0
DA:13,0
DA:15,0
DA:16,0
DA:17,0
DA:19,0
DA:20,0
DA:24,0
DA:25,0
DA:27,0
DA:31,0
DA:32,0
DA:33,0
DA:34,0
DA:35,0
DA:37,0
DA:38,0
DA:39,0
DA:41,0
DA:42,0
DA:43,0
DA:44,0
DA:46,0
DA:51,0
DA:53,0
DA:57,0
DA:58,0
DA:59,0
DA:60,0
DA:61,0
DA:63,0
DA:64,0
DA:65,0
DA:66,0
DA:67,0
DA:69,0
DA:73,0
LF:46
LH:0
BRDA:12,0,0,0
BRDA:12,0,1,0
BRDA:12,1,0,0
BRDA:12,1,1,0
BRDA:12,1,2,0
BRDA:16,2,0,0
BRDA:16,2,1,0
BRDA:34,3,0,0
BRDA:34,3,1,0
BRDA:34,4,0,0
BRDA:34,4,1,0
BRDA:38,5,0,0
BRDA:38,5,1,0
BRDA:43,6,0,0
BRDA:43,6,1,0
BRDA:60,7,0,0
BRDA:60,7,1,0
BRDA:60,8,0,0
BRDA:60,8,1,0
BRDA:66,9,0,0
BRDA:66,9,1,0
BRF:21
BRH:0
end_of_record
TN:
SF:src\routes\carbon.js
FN:9,calculateSeverity
FN:17,(anonymous_1)
FN:38,(anonymous_2)
FN:70,(anonymous_3)
FN:72,(anonymous_4)
FN:76,(anonymous_5)
FN:98,(anonymous_6)
FN:113,(anonymous_7)
FN:140,(anonymous_8)
FN:168,(anonymous_9)
FNF:10
FNH:10
FNDA:25,calculateSeverity
FNDA:3,(anonymous_1)
FNDA:3,(anonymous_2)
FNDA:1,(anonymous_3)
FNDA:1,(anonymous_4)
FNDA:6,(anonymous_5)
FNDA:2,(anonymous_6)
FNDA:3,(anonymous_7)
FNDA:2,(anonymous_8)
FNDA:2,(anonymous_9)
DA:1,2
DA:2,2
DA:3,2
DA:5,2
DA:7,2
DA:10,25
DA:11,19
DA:12,13
DA:13,7
DA:14,3
DA:17,2
DA:18,3
DA:19,3
DA:20,3
DA:25,3
DA:26,3
DA:27,1
DA:28,1
DA:30,3
DA:31,3
DA:32,3
DA:34,0
DA:38,2
DA:39,3
DA:40,3
DA:41,3
DA:46,3
DA:47,3
DA:48,3
DA:49,1
DA:50,1
DA:52,3
DA:53,1
DA:54,1
DA:55,1
DA:56,2
DA:57,0
DA:58,0
DA:59,2
DA:60,0
DA:61,0
DA:62,0
DA:64,3
DA:65,3
DA:67,3
DA:69,3
DA:70,3
DA:71,3
DA:72,3
DA:73,3
DA:74,3
DA:76,3
DA:77,6
DA:78,2
DA:79,2
DA:80,2
DA:83,3
DA:94,0
DA:98,2
DA:99,2
DA:100,2
DA:106,2
DA:107,1
DA:109,0
DA:113,2
DA:114,3
DA:115,3
DA:116,3
DA:117,1
DA:119,2
DA:120,2
DA:121,1
DA:123,1
DA:124,1
DA:125,1
DA:129,1
DA:134,1
DA:136,0
DA:140,2
DA:141,2
DA:142,2
DA:143,2
DA:144,2
DA:145,1
DA:146,1
DA:147,1
DA:157,1
DA:162,1
DA:164,0
DA:168,2
DA:169,2
DA:170,2
DA:171,2
DA:172,1
DA:173,1
DA:175,0
DA:179,2
DA:180,2
LF:98
LH:87
BRDA:10,0,0,6
BRDA:10,0,1,19
BRDA:11,1,0,6
BRDA:11,1,1,13
BRDA:12,2,0,6
BRDA:12,2,1,7
BRDA:13,3,0,4
BRDA:13,3,1,3
BRDA:26,4,0,1
BRDA:26,4,1,2
BRDA:48,5,0,1
BRDA:48,5,1,2
BRDA:52,6,0,1
BRDA:52,6,1,2
BRDA:52,7,0,3
BRDA:52,7,1,1
BRDA:56,8,0,0
BRDA:56,8,1,2
BRDA:59,9,0,0
BRDA:59,9,1,2
BRDA:64,10,0,1
BRDA:64,10,1,2
BRDA:71,11,0,1
BRDA:71,11,1,2
BRDA:73,12,0,1
BRDA:73,12,1,2
BRDA:74,13,0,1
BRDA:74,13,1,2
BRDA:77,14,0,4
BRDA:77,14,1,2
BRDA:84,15,0,1
BRDA:84,15,1,2
BRDA:85,16,0,3
BRDA:85,16,1,2
BRDA:86,17,0,3
BRDA:86,17,1,2
BRDA:87,18,0,3
BRDA:87,18,1,2
BRDA:106,19,0,1
BRDA:106,19,1,1
BRDA:116,20,0,1
BRDA:116,20,1,2
BRDA:116,21,0,3
BRDA:116,21,1,3
BRDA:120,22,0,1
BRDA:120,22,1,1
BRDA:124,23,0,1
BRDA:124,23,1,0
BRDA:127,24,0,1
BRDA:127,24,1,0
BRDA:144,25,0,1
BRDA:144,25,1,1
BRDA:145,26,0,1
BRDA:145,26,1,0
BRDA:152,27,0,1
BRDA:152,27,1,1
BRDA:153,28,0,0
BRDA:153,28,1,1
BRDA:171,29,0,1
BRDA:171,29,1,1
BRF:60
BRH:54
end_of_record
TN:
SF:src\routes\dashboard.js
FN:9,(anonymous_0)
FN:102,(anonymous_1)
FN:104,(anonymous_2)
FN:105,(anonymous_3)
FN:113,(anonymous_4)
FNF:5
FNH:5
FNDA:4,(anonymous_0)
FNDA:1,(anonymous_1)
FNDA:1,(anonymous_2)
FNDA:1,(anonymous_3)
FNDA:4,(anonymous_4)
DA:1,1
DA:2,1
DA:3,1
DA:5,1
DA:7,1
DA:9,1
DA:10,4
DA:11,4
DA:12,4
DA:13,4
DA:14,4
DA:15,4
DA:17,4
DA:18,3
DA:19,3
DA:20,3
DA:21,3
DA:25,3
DA:30,3
DA:51,3
DA:57,3
DA:72,3
DA:88,3
DA:95,3
DA:102,1
DA:104,1
DA:105,1
DA:109,1
DA:113,1
DA:114,4
DA:115,4
DA:116,4
DA:123,4
DA:124,4
DA:125,1
DA:126,1
DA:128,4
DA:130,4
DA:131,3
DA:133,1
DA:137,1
LF:41
LH:41
BRDA:124,0,0,1
BRDA:124,0,1,3
BRF:2
BRH:2
end_of_record
TN:
SF:src\routes\regions.js
FN:9,(anonymous_0)
FN:23,(anonymous_1)
FN:33,(anonymous_2)
FN:50,(anonymous_3)
FN:72,(anonymous_4)
FNF:5
FNH:5
FNDA:3,(anonymous_0)
FNDA:2,(anonymous_1)
FNDA:3,(anonymous_2)
FNDA:2,(anonymous_3)
FNDA:2,(anonymous_4)
DA:1,1
DA:2,1
DA:3,1
DA:5,1
DA:7,1
DA:9,1
DA:10,3
DA:11,3
DA:17,2
DA:19,1
DA:23,1
DA:24,2
DA:25,2
DA:26,2
DA:27,1
DA:29,0
DA:33,1
DA:34,3
DA:35,3
DA:36,3
DA:37,2
DA:39,1
DA:43,1
DA:44,1
DA:46,0
DA:50,1
DA:51,2
DA:52,2
DA:53,2
DA:54,2
DA:55,1
DA:65,1
DA:66,1
DA:68,0
DA:72,1
DA:73,2
DA:74,2
DA:75,2
DA:76,1
DA:77,1
DA:79,0
DA:83,1
LF:42
LH:38
BRDA:26,0,0,1
BRDA:26,0,1,1
BRDA:36,1,0,2
BRDA:36,1,1,1
BRDA:36,2,0,3
BRDA:36,2,1,2
BRDA:36,2,2,1
BRDA:41,3,0,1
BRDA:41,3,1,1
BRDA:54,4,0,1
BRDA:54,4,1,1
BRDA:58,5,0,1
BRDA:58,5,1,0
BRDA:59,6,0,0
BRDA:59,6,1,1
BRDA:60,7,0,0
BRDA:60,7,1,1
BRDA:61,8,0,0
BRDA:61,8,1,1
BRDA:75,9,0,1
BRDA:75,9,1,1
BRF:21
BRH:17
end_of_record
